Build started 12.01.2017 19:49:03.
     1>Project "C:\Users\akuno\OneDrive\Dokumenty\Visual Studio 2010\Projects\EKG\EKG\EKG.vcxproj" on node 2 (build target(s)).
     1>InitializeBuildStatus:
         Creating "Debug\EKG.unsuccessfulbuild" because "AlwaysCreate" was specified.
       ClCompile:
         All outputs are up-to-date.
         C:\Program Files (x86)\Microsoft Visual Studio 10.0\VC\bin\CL.exe /c /ZI /nologo /W3 /WX- /Od /Oy- /D WIN32 /D _DEBUG /D _CONSOLE /D _UNICODE /D UNICODE /Gm /EHsc /RTC1 /MDd /GS /fp:precise /Zc:wchar_t /Zc:forScope /Yu"StdAfx.h" /Fp"Debug\EKG.pch" /Fo"Debug\\" /Fd"Debug\vc100.pdb" /Gd /TP /analyze- /errorReport:prompt EKG.cpp EMD_function.cpp
         EMD_function.cpp
     1>c:\users\akuno\onedrive\dokumenty\visual studio 2010\projects\ekg\ekg\emd_function.cpp(51): warning C4018: '<' : signed/unsigned mismatch
     1>c:\users\akuno\onedrive\dokumenty\visual studio 2010\projects\ekg\ekg\emd_function.cpp(64): warning C4018: '<' : signed/unsigned mismatch
     1>c:\users\akuno\onedrive\dokumenty\visual studio 2010\projects\ekg\ekg\emd_function.cpp(96): warning C4018: '<' : signed/unsigned mismatch
     1>c:\users\akuno\onedrive\dokumenty\visual studio 2010\projects\ekg\ekg\emd_function.cpp(97): warning C4244: 'argument' : conversion from 'double' to 'unsigned int', possible loss of data
     1>c:\users\akuno\onedrive\dokumenty\visual studio 2010\projects\ekg\ekg\emd_function.cpp(102): warning C4018: '<' : signed/unsigned mismatch
     1>c:\users\akuno\onedrive\dokumenty\visual studio 2010\projects\ekg\ekg\emd_function.cpp(103): warning C4244: 'argument' : conversion from 'double' to 'unsigned int', possible loss of data
     1>c:\users\akuno\onedrive\dokumenty\visual studio 2010\projects\ekg\ekg\emd_function.cpp(192): warning C4244: 'initializing' : conversion from 'double' to 'int', possible loss of data
     1>c:\users\akuno\onedrive\dokumenty\visual studio 2010\projects\ekg\ekg\emd_function.cpp(188): warning C4101: 'i' : unreferenced local variable
     1>c:\users\akuno\onedrive\dokumenty\visual studio 2010\projects\ekg\ekg\emd_function.cpp(240): warning C4018: '<' : signed/unsigned mismatch
     1>c:\program files (x86)\microsoft visual studio 10.0\vc\include\xutility(2144): warning C4244: 'argument' : conversion from 'int' to 'const float', possible loss of data
                 c:\program files (x86)\microsoft visual studio 10.0\vc\include\xutility(2165) : see reference to function template instantiation '_OutIt std::_Copy_impl<int*,_OutIt>(_InIt,_InIt,_OutIt,std::_Nonscalar_ptr_iterator_tag)' being compiled
                 with
                 [
                     _OutIt=std::ostream_iterator<float>,
                     _InIt=int *
                 ]
                 c:\program files (x86)\microsoft visual studio 10.0\vc\include\xutility(2186) : see reference to function template instantiation '_OutIt std::_Copy_impl<_InIt,_OutIt>(_InIt,_InIt,_OutIt)' being compiled
                 with
                 [
                     _OutIt=std::ostream_iterator<float>,
                     _InIt=int *
                 ]
                 c:\program files (x86)\microsoft visual studio 10.0\vc\include\xutility(2206) : see reference to function template instantiation '_OutIt std::_Copy_impl<_InIt,_OutIt>(_InIt,_InIt,_OutIt,std::input_iterator_tag,std::output_iterator_tag)' being compiled
                 with
                 [
                     _OutIt=std::ostream_iterator<float>,
                     _InIt=int *
                 ]
                 c:\program files (x86)\microsoft visual studio 10.0\vc\include\xutility(2227) : see reference to function template instantiation '_OutIt std::_Copy_impl<int*,_OutIt>(_InIt,_InIt,_OutIt,std::tr1::true_type)' being compiled
                 with
                 [
                     _OutIt=std::ostream_iterator<float>,
                     _InIt=int *
                 ]
                 c:\users\akuno\onedrive\dokumenty\visual studio 2010\projects\ekg\ekg\emd_function.cpp(58) : see reference to function template instantiation '_OutIt std::copy<std::_Vector_iterator<_Myvec>,std::ostream_iterator<_Ty>>(_InIt,_InIt,_OutIt)' being compiled
                 with
                 [
                     _OutIt=std::ostream_iterator<float>,
                     _Myvec=std::_Vector_val<int,std::allocator<int>>,
                     _Ty=float,
                     _InIt=std::_Vector_iterator<std::_Vector_val<int,std::allocator<int>>>
                 ]
     1>c:\program files (x86)\microsoft visual studio 10.0\vc\include\xutility(2144): warning C4244: 'argument' : conversion from 'double' to 'const float', possible loss of data
                 c:\program files (x86)\microsoft visual studio 10.0\vc\include\xutility(2165) : see reference to function template instantiation '_OutIt std::_Copy_impl<double*,_OutIt>(_InIt,_InIt,_OutIt,std::_Nonscalar_ptr_iterator_tag)' being compiled
                 with
                 [
                     _OutIt=std::ostream_iterator<float>,
                     _InIt=double *
                 ]
                 c:\program files (x86)\microsoft visual studio 10.0\vc\include\xutility(2186) : see reference to function template instantiation '_OutIt std::_Copy_impl<_InIt,_OutIt>(_InIt,_InIt,_OutIt)' being compiled
                 with
                 [
                     _OutIt=std::ostream_iterator<float>,
                     _InIt=double *
                 ]
                 c:\program files (x86)\microsoft visual studio 10.0\vc\include\xutility(2206) : see reference to function template instantiation '_OutIt std::_Copy_impl<_InIt,_OutIt>(_InIt,_InIt,_OutIt,std::input_iterator_tag,std::output_iterator_tag)' being compiled
                 with
                 [
                     _OutIt=std::ostream_iterator<float>,
                     _InIt=double *
                 ]
                 c:\program files (x86)\microsoft visual studio 10.0\vc\include\xutility(2227) : see reference to function template instantiation '_OutIt std::_Copy_impl<double*,_OutIt>(_InIt,_InIt,_OutIt,std::tr1::true_type)' being compiled
                 with
                 [
                     _OutIt=std::ostream_iterator<float>,
                     _InIt=double *
                 ]
                 c:\users\akuno\onedrive\dokumenty\visual studio 2010\projects\ekg\ekg\emd_function.cpp(227) : see reference to function template instantiation '_OutIt std::copy<std::_Vector_iterator<_Myvec>,std::ostream_iterator<_Ty>>(_InIt,_InIt,_OutIt)' being compiled
                 with
                 [
                     _OutIt=std::ostream_iterator<float>,
                     _Myvec=std::_Vector_val<double,std::allocator<double>>,
                     _Ty=float,
                     _InIt=std::_Vector_iterator<std::_Vector_val<double,std::allocator<double>>>
                 ]
         EKG.cpp
         Generating Code...
       ManifestResourceCompile:
         All outputs are up-to-date.
       Link:
         C:\Program Files (x86)\Microsoft Visual Studio 10.0\VC\bin\link.exe /ERRORREPORT:PROMPT /OUT:"C:\Users\akuno\OneDrive\Dokumenty\Visual Studio 2010\Projects\EKG\Debug\EKG.exe" /INCREMENTAL /NOLOGO kernel32.lib user32.lib gdi32.lib winspool.lib comdlg32.lib advapi32.lib shell32.lib ole32.lib oleaut32.lib uuid.lib odbc32.lib odbccp32.lib /MANIFEST /ManifestFile:"Debug\EKG.exe.intermediate.manifest" /MANIFESTUAC:"level='asInvoker' uiAccess='false'" /DEBUG /PDB:"C:\Users\akuno\OneDrive\Dokumenty\Visual Studio 2010\Projects\EKG\Debug\EKG.pdb" /SUBSYSTEM:CONSOLE /TLBID:1 /DYNAMICBASE /NXCOMPAT /IMPLIB:"C:\Users\akuno\OneDrive\Dokumenty\Visual Studio 2010\Projects\EKG\Debug\EKG.lib" /MACHINE:X86 Debug\EKG.exe.embed.manifest.res
         Debug\EKG.obj
         Debug\EMD_function.obj
         Debug\stdafx.obj
       Manifest:
         C:\Program Files (x86)\Microsoft SDKs\Windows\v7.0A\bin\mt.exe /nologo /verbose /out:"Debug\EKG.exe.embed.manifest" /manifest Debug\EKG.exe.intermediate.manifest
         All outputs are up-to-date.
       LinkEmbedManifest:
         All outputs are up-to-date.
         EKG.vcxproj -> C:\Users\akuno\OneDrive\Dokumenty\Visual Studio 2010\Projects\EKG\Debug\EKG.exe
       FinalizeBuildStatus:
         Deleting file "Debug\EKG.unsuccessfulbuild".
         Touching "Debug\EKG.lastbuildstate".
     1>Done Building Project "C:\Users\akuno\OneDrive\Dokumenty\Visual Studio 2010\Projects\EKG\EKG\EKG.vcxproj" (build target(s)).

Build succeeded.

Time Elapsed 00:00:03.66
