C:\USERS\AKUNO\ONEDRIVE\DOKUMENTY\VISUAL STUDIO 2010\PROJECTS\EKG\DEBUG\EKG.EXE
C:\USERS\AKUNO\ONEDRIVE\DOKUMENTY\VISUAL STUDIO 2010\PROJECTS\EKG\DEBUG\EKG.ILK
C:\USERS\AKUNO\ONEDRIVE\DOKUMENTY\VISUAL STUDIO 2010\PROJECTS\EKG\DEBUG\EKG.PDB
C:\Users\akuno\OneDrive\Dokumenty\Visual Studio 2010\Projects\EKG\EKG\Debug\cl.command.1.tlog
C:\Users\akuno\OneDrive\Dokumenty\Visual Studio 2010\Projects\EKG\EKG\Debug\CL.read.1.tlog
C:\Users\akuno\OneDrive\Dokumenty\Visual Studio 2010\Projects\EKG\EKG\Debug\CL.write.1.tlog
C:\USERS\AKUNO\ONEDRIVE\DOKUMENTY\VISUAL STUDIO 2010\PROJECTS\EKG\EKG\DEBUG\EKG.EXE.EMBED.MANIFEST
C:\USERS\AKUNO\ONEDRIVE\DOKUMENTY\VISUAL STUDIO 2010\PROJECTS\EKG\EKG\DEBUG\EKG.EXE.EMBED.MANIFEST.RES
C:\USERS\AKUNO\ONEDRIVE\DOKUMENTY\VISUAL STUDIO 2010\PROJECTS\EKG\EKG\DEBUG\EKG.EXE.INTERMEDIATE.MANIFEST
C:\USERS\AKUNO\ONEDRIVE\DOKUMENTY\VISUAL STUDIO 2010\PROJECTS\EKG\EKG\DEBUG\EKG.OBJ
C:\USERS\AKUNO\ONEDRIVE\DOKUMENTY\VISUAL STUDIO 2010\PROJECTS\EKG\EKG\DEBUG\EKG.PCH
C:\Users\akuno\OneDrive\Dokumenty\Visual Studio 2010\Projects\EKG\EKG\Debug\EKG.vcxprojResolveAssemblyReference.cache
C:\Users\akuno\OneDrive\Dokumenty\Visual Studio 2010\Projects\EKG\EKG\Debug\EKG.write.1.tlog
C:\Users\akuno\OneDrive\Dokumenty\Visual Studio 2010\Projects\EKG\EKG\Debug\EKG_manifest.rc
C:\USERS\AKUNO\ONEDRIVE\DOKUMENTY\VISUAL STUDIO 2010\PROJECTS\EKG\EKG\DEBUG\EMD.OBJ
C:\USERS\AKUNO\ONEDRIVE\DOKUMENTY\VISUAL STUDIO 2010\PROJECTS\EKG\EKG\DEBUG\EMD_FUNCTION.OBJ
C:\Users\akuno\OneDrive\Dokumenty\Visual Studio 2010\Projects\EKG\EKG\Debug\link.11552.read.1.tlog
C:\Users\akuno\OneDrive\Dokumenty\Visual Studio 2010\Projects\EKG\EKG\Debug\link.11552.write.1.tlog
C:\Users\akuno\OneDrive\Dokumenty\Visual Studio 2010\Projects\EKG\EKG\Debug\link.11552-cvtres.read.1.tlog
C:\Users\akuno\OneDrive\Dokumenty\Visual Studio 2010\Projects\EKG\EKG\Debug\link.11552-cvtres.write.1.tlog
C:\Users\akuno\OneDrive\Dokumenty\Visual Studio 2010\Projects\EKG\EKG\Debug\link.2224.read.1.tlog
C:\Users\akuno\OneDrive\Dokumenty\Visual Studio 2010\Projects\EKG\EKG\Debug\link.2224.write.1.tlog
C:\Users\akuno\OneDrive\Dokumenty\Visual Studio 2010\Projects\EKG\EKG\Debug\link.2224-cvtres.read.1.tlog
C:\Users\akuno\OneDrive\Dokumenty\Visual Studio 2010\Projects\EKG\EKG\Debug\link.2224-cvtres.write.1.tlog
C:\Users\akuno\OneDrive\Dokumenty\Visual Studio 2010\Projects\EKG\EKG\Debug\link.4808.read.1.tlog
C:\Users\akuno\OneDrive\Dokumenty\Visual Studio 2010\Projects\EKG\EKG\Debug\link.4808.write.1.tlog
C:\Users\akuno\OneDrive\Dokumenty\Visual Studio 2010\Projects\EKG\EKG\Debug\link.4808-cvtres.read.1.tlog
C:\Users\akuno\OneDrive\Dokumenty\Visual Studio 2010\Projects\EKG\EKG\Debug\link.4808-cvtres.write.1.tlog
C:\Users\akuno\OneDrive\Dokumenty\Visual Studio 2010\Projects\EKG\EKG\Debug\link.5284.read.1.tlog
C:\Users\akuno\OneDrive\Dokumenty\Visual Studio 2010\Projects\EKG\EKG\Debug\link.5284.write.1.tlog
C:\Users\akuno\OneDrive\Dokumenty\Visual Studio 2010\Projects\EKG\EKG\Debug\link.5284-cvtres.read.1.tlog
C:\Users\akuno\OneDrive\Dokumenty\Visual Studio 2010\Projects\EKG\EKG\Debug\link.5284-cvtres.write.1.tlog
C:\Users\akuno\OneDrive\Dokumenty\Visual Studio 2010\Projects\EKG\EKG\Debug\link.5380.read.1.tlog
C:\Users\akuno\OneDrive\Dokumenty\Visual Studio 2010\Projects\EKG\EKG\Debug\link.5380.write.1.tlog
C:\Users\akuno\OneDrive\Dokumenty\Visual Studio 2010\Projects\EKG\EKG\Debug\link.5380-cvtres.read.1.tlog
C:\Users\akuno\OneDrive\Dokumenty\Visual Studio 2010\Projects\EKG\EKG\Debug\link.5380-cvtres.write.1.tlog
C:\Users\akuno\OneDrive\Dokumenty\Visual Studio 2010\Projects\EKG\EKG\Debug\link.7464.read.1.tlog
C:\Users\akuno\OneDrive\Dokumenty\Visual Studio 2010\Projects\EKG\EKG\Debug\link.7464.write.1.tlog
C:\Users\akuno\OneDrive\Dokumenty\Visual Studio 2010\Projects\EKG\EKG\Debug\link.7464-cvtres.read.1.tlog
C:\Users\akuno\OneDrive\Dokumenty\Visual Studio 2010\Projects\EKG\EKG\Debug\link.7464-cvtres.write.1.tlog
C:\Users\akuno\OneDrive\Dokumenty\Visual Studio 2010\Projects\EKG\EKG\Debug\link.7480.read.1.tlog
C:\Users\akuno\OneDrive\Dokumenty\Visual Studio 2010\Projects\EKG\EKG\Debug\link.7480.write.1.tlog
C:\Users\akuno\OneDrive\Dokumenty\Visual Studio 2010\Projects\EKG\EKG\Debug\link.7480-cvtres.read.1.tlog
C:\Users\akuno\OneDrive\Dokumenty\Visual Studio 2010\Projects\EKG\EKG\Debug\link.7480-cvtres.write.1.tlog
C:\Users\akuno\OneDrive\Dokumenty\Visual Studio 2010\Projects\EKG\EKG\Debug\link.8740.read.1.tlog
C:\Users\akuno\OneDrive\Dokumenty\Visual Studio 2010\Projects\EKG\EKG\Debug\link.8740.write.1.tlog
C:\Users\akuno\OneDrive\Dokumenty\Visual Studio 2010\Projects\EKG\EKG\Debug\link.8740-cvtres.read.1.tlog
C:\Users\akuno\OneDrive\Dokumenty\Visual Studio 2010\Projects\EKG\EKG\Debug\link.8740-cvtres.write.1.tlog
C:\Users\akuno\OneDrive\Dokumenty\Visual Studio 2010\Projects\EKG\EKG\Debug\link.9120.read.1.tlog
C:\Users\akuno\OneDrive\Dokumenty\Visual Studio 2010\Projects\EKG\EKG\Debug\link.9120.write.1.tlog
C:\Users\akuno\OneDrive\Dokumenty\Visual Studio 2010\Projects\EKG\EKG\Debug\link.9120-cvtres.read.1.tlog
C:\Users\akuno\OneDrive\Dokumenty\Visual Studio 2010\Projects\EKG\EKG\Debug\link.9120-cvtres.write.1.tlog
C:\Users\akuno\OneDrive\Dokumenty\Visual Studio 2010\Projects\EKG\EKG\Debug\link.command.1.tlog
C:\Users\akuno\OneDrive\Dokumenty\Visual Studio 2010\Projects\EKG\EKG\Debug\link.read.1.tlog
C:\Users\akuno\OneDrive\Dokumenty\Visual Studio 2010\Projects\EKG\EKG\Debug\link.write.1.tlog
C:\Users\akuno\OneDrive\Dokumenty\Visual Studio 2010\Projects\EKG\EKG\Debug\link-cvtres.read.1.tlog
C:\Users\akuno\OneDrive\Dokumenty\Visual Studio 2010\Projects\EKG\EKG\Debug\link-cvtres.write.1.tlog
C:\Users\akuno\OneDrive\Dokumenty\Visual Studio 2010\Projects\EKG\EKG\Debug\mt.command.1.tlog
C:\Users\akuno\OneDrive\Dokumenty\Visual Studio 2010\Projects\EKG\EKG\Debug\mt.read.1.tlog
C:\Users\akuno\OneDrive\Dokumenty\Visual Studio 2010\Projects\EKG\EKG\Debug\mt.write.1.tlog
C:\Users\akuno\OneDrive\Dokumenty\Visual Studio 2010\Projects\EKG\EKG\Debug\rc.command.1.tlog
C:\Users\akuno\OneDrive\Dokumenty\Visual Studio 2010\Projects\EKG\EKG\Debug\rc.read.1.tlog
C:\Users\akuno\OneDrive\Dokumenty\Visual Studio 2010\Projects\EKG\EKG\Debug\rc.write.1.tlog
C:\USERS\AKUNO\ONEDRIVE\DOKUMENTY\VISUAL STUDIO 2010\PROJECTS\EKG\EKG\DEBUG\STDAFX.OBJ
C:\Users\akuno\OneDrive\Dokumenty\Visual Studio 2010\Projects\EKG\EKG\Debug\vc100.idb
C:\USERS\AKUNO\ONEDRIVE\DOKUMENTY\VISUAL STUDIO 2010\PROJECTS\EKG\EKG\DEBUG\VC100.PDB
